0 info it worked if it ends with ok
1 verbose cli [ 'node',
1 verbose cli   '/usr/local/bin/npm',
1 verbose cli   'install',
1 verbose cli   '-g',
1 verbose cli   'stream-adventure' ]
2 info using npm@1.4.28
3 info using node@v0.10.33
4 verbose cache add [ 'stream-adventure', null ]
5 verbose cache add name=undefined spec="stream-adventure" args=["stream-adventure",null]
6 verbose parsed url { protocol: null,
6 verbose parsed url   slashes: null,
6 verbose parsed url   auth: null,
6 verbose parsed url   host: null,
6 verbose parsed url   port: null,
6 verbose parsed url   hostname: null,
6 verbose parsed url   hash: null,
6 verbose parsed url   search: null,
6 verbose parsed url   query: null,
6 verbose parsed url   pathname: 'stream-adventure',
6 verbose parsed url   path: 'stream-adventure',
6 verbose parsed url   href: 'stream-adventure' }
7 silly lockFile 27e6009b-stream-adventure stream-adventure
8 verbose lock stream-adventure /Users/benjamincohen/.npm/27e6009b-stream-adventure.lock
9 silly lockFile 27e6009b-stream-adventure stream-adventure
10 silly lockFile 27e6009b-stream-adventure stream-adventure
11 verbose addNamed [ 'stream-adventure', '' ]
12 verbose addNamed [ null, '*' ]
13 silly lockFile 9bf677f3-stream-adventure stream-adventure@
14 verbose lock stream-adventure@ /Users/benjamincohen/.npm/9bf677f3-stream-adventure.lock
15 silly addNameRange { name: 'stream-adventure', range: '*', hasData: false }
16 verbose request where is /stream-adventure
17 verbose request registry https://registry.npmjs.org/
18 verbose request id f8b10e26c063fdc1
19 verbose url raw /stream-adventure
20 verbose url resolving [ 'https://registry.npmjs.org/', './stream-adventure' ]
21 verbose url resolved https://registry.npmjs.org/stream-adventure
22 verbose request where is https://registry.npmjs.org/stream-adventure
23 info trying registry request attempt 1 at 01:49:05
24 verbose etag "75MHUHDXP93NDV9CDAOL3MGJ2"
25 http GET https://registry.npmjs.org/stream-adventure
26 http 304 https://registry.npmjs.org/stream-adventure
27 silly registry.get cb [ 304,
27 silly registry.get   { date: 'Thu, 20 Aug 2015 08:49:06 GMT',
27 silly registry.get     via: '1.1 varnish',
27 silly registry.get     'cache-control': 'max-age=60',
27 silly registry.get     etag: '"75MHUHDXP93NDV9CDAOL3MGJ2"',
27 silly registry.get     age: '0',
27 silly registry.get     connection: 'keep-alive',
27 silly registry.get     'x-served-by': 'cache-lax1432-LAX',
27 silly registry.get     'x-cache': 'MISS',
27 silly registry.get     'x-cache-hits': '0',
27 silly registry.get     'x-timer': 'S1440060546.021488,VS0,VE483',
27 silly registry.get     vary: 'Accept' } ]
28 verbose etag https://registry.npmjs.org/stream-adventure from cache
29 silly addNameRange number 2 { name: 'stream-adventure', range: '*', hasData: true }
30 silly addNameRange versions [ 'stream-adventure',
30 silly addNameRange   [ '0.0.0',
30 silly addNameRange     '0.1.0',
30 silly addNameRange     '0.2.0',
30 silly addNameRange     '0.3.0',
30 silly addNameRange     '0.4.0',
30 silly addNameRange     '0.5.0',
30 silly addNameRange     '0.6.0',
30 silly addNameRange     '0.7.0',
30 silly addNameRange     '0.7.1',
30 silly addNameRange     '0.7.2',
30 silly addNameRange     '0.8.0',
30 silly addNameRange     '1.0.0',
30 silly addNameRange     '1.0.1',
30 silly addNameRange     '1.0.2',
30 silly addNameRange     '1.0.3',
30 silly addNameRange     '1.0.4',
30 silly addNameRange     '1.0.5',
30 silly addNameRange     '1.0.6',
30 silly addNameRange     '1.1.0',
30 silly addNameRange     '1.1.1',
30 silly addNameRange     '2.0.0',
30 silly addNameRange     '2.0.1',
30 silly addNameRange     '2.0.2',
30 silly addNameRange     '2.1.0',
30 silly addNameRange     '2.1.1',
30 silly addNameRange     '2.2.0',
30 silly addNameRange     '2.3.0',
30 silly addNameRange     '2.4.0',
30 silly addNameRange     '2.4.1',
30 silly addNameRange     '2.4.2',
30 silly addNameRange     '2.4.3',
30 silly addNameRange     '2.5.0',
30 silly addNameRange     '2.5.1',
30 silly addNameRange     '3.0.0',
30 silly addNameRange     '4.0.0',
30 silly addNameRange     '4.0.2',
30 silly addNameRange     '4.0.3' ] ]
31 verbose addNamed [ 'stream-adventure', '4.0.3' ]
32 verbose addNamed [ '4.0.3', '4.0.3' ]
33 silly lockFile 303f5fa1-stream-adventure-4-0-3 stream-adventure@4.0.3
34 verbose lock stream-adventure@4.0.3 /Users/benjamincohen/.npm/303f5fa1-stream-adventure-4-0-3.lock
35 silly lockFile 303f5fa1-stream-adventure-4-0-3 stream-adventure@4.0.3
36 silly lockFile 303f5fa1-stream-adventure-4-0-3 stream-adventure@4.0.3
37 silly lockFile 9bf677f3-stream-adventure stream-adventure@
38 silly lockFile 9bf677f3-stream-adventure stream-adventure@
39 silly resolved [ { name: 'stream-adventure',
39 silly resolved     version: '4.0.3',
39 silly resolved     description: 'an educational stream adventure',
39 silly resolved     bin: { 'stream-adventure': 'bin/cmd.js' },
39 silly resolved     dependencies:
39 silly resolved      { adventure: '^2.10.0',
39 silly resolved        'adventure-verify': '^2.2.0',
39 silly resolved        browserify: '^9.0.3',
39 silly resolved        chunky: '~0.0.0',
39 silly resolved        clone: '~0.1.9',
39 silly resolved        'concat-stream': '^1.4.7',
39 silly resolved        duplexer2: '~0.0.2',
39 silly resolved        hyperquest: '^1.0.1',
39 silly resolved        mkdirp: '~0.5.0',
39 silly resolved        optimist: '~0.5.2',
39 silly resolved        osenv: '^0.1.0',
39 silly resolved        provinces: '~0.2.0',
39 silly resolved        request: '~2.21.0',
39 silly resolved        split: '~0.2.5',
39 silly resolved        'stream-combiner': '^0.2.1',
39 silly resolved        'stream-combiner2': '^1.0.2',
39 silly resolved        tar: '~0.1.17',
39 silly resolved        'terminal-menu': '~2.1.1',
39 silly resolved        through2: '^0.6.3',
39 silly resolved        trumpet: '^1.7.0',
39 silly resolved        'tuple-stream': '~0.0.2',
39 silly resolved        'websocket-stream': '^1.3.2',
39 silly resolved        wordwrap: '~0.0.2',
39 silly resolved        x256: '~0.0.1' },
39 silly resolved     devDependencies: { tape: '~2.3.0' },
39 silly resolved     scripts: { test: 'tape test/*.js' },
39 silly resolved     repository:
39 silly resolved      { type: 'git',
39 silly resolved        url: 'git://github.com/substack/stream-adventure.git' },
39 silly resolved     homepage: 'https://github.com/substack/stream-adventure',
39 silly resolved     keywords: [ 'stream', 'educational', 'guide', 'tutorial', 'learn' ],
39 silly resolved     author:
39 silly resolved      { name: 'James Halliday',
39 silly resolved        email: 'mail@substack.net',
39 silly resolved        url: 'http://substack.net' },
39 silly resolved     license: 'MIT',
39 silly resolved     gitHead: '2c04809b37712e7aaa0a0c490c7d84f1502cfa1a',
39 silly resolved     bugs: { url: 'https://github.com/substack/stream-adventure/issues' },
39 silly resolved     _id: 'stream-adventure@4.0.3',
39 silly resolved     _shasum: 'f0ef773c04fdb8af124ca51c9e1b942d6f60274d',
39 silly resolved     _from: 'stream-adventure@',
39 silly resolved     _npmVersion: '2.7.5',
39 silly resolved     _nodeVersion: '0.12.0',
39 silly resolved     _npmUser: { name: 'substack', email: 'mail@substack.net' },
39 silly resolved     maintainers: [ [Object], [Object], [Object] ],
39 silly resolved     dist:
39 silly resolved      { shasum: 'f0ef773c04fdb8af124ca51c9e1b942d6f60274d',
39 silly resolved        tarball: 'http://registry.npmjs.org/stream-adventure/-/stream-adventure-4.0.3.tgz' },
39 silly resolved     directories: {},
39 silly resolved     _resolved: 'https://registry.npmjs.org/stream-adventure/-/stream-adventure-4.0.3.tgz',
39 silly resolved     readme: 'ERROR: No README data found!' } ]
40 info install stream-adventure@4.0.3 into /usr/local/lib
41 info installOne stream-adventure@4.0.3
42 verbose lib/node_modules/stream-adventure unbuild
43 verbose tar unpack /Users/benjamincohen/.npm/stream-adventure/4.0.3/package.tgz
44 silly lockFile 77a2edc5-ib-node-modules-stream-adventure tar:///usr/local/lib/node_modules/stream-adventure
45 verbose lock tar:///usr/local/lib/node_modules/stream-adventure /Users/benjamincohen/.npm/77a2edc5-ib-node-modules-stream-adventure.lock
46 silly lockFile 9355c777-ream-adventure-4-0-3-package-tgz tar:///Users/benjamincohen/.npm/stream-adventure/4.0.3/package.tgz
47 verbose lock tar:///Users/benjamincohen/.npm/stream-adventure/4.0.3/package.tgz /Users/benjamincohen/.npm/9355c777-ream-adventure-4-0-3-package-tgz.lock
48 silly gunzTarPerm modes [ '755', '644' ]
49 error Error: EACCES, mkdir '/usr/local/lib/node_modules/stream-adventure'
49 error  { [Error: EACCES, mkdir '/usr/local/lib/node_modules/stream-adventure']
49 error   errno: 3,
49 error   code: 'EACCES',
49 error   path: '/usr/local/lib/node_modules/stream-adventure',
49 error   fstream_type: 'Directory',
49 error   fstream_path: '/usr/local/lib/node_modules/stream-adventure',
49 error   fstream_class: 'DirWriter',
49 error   fstream_stack:
49 error    [ '/usr/local/lib/node_modules/npm/node_modules/fstream/lib/dir-writer.js:36:23',
49 error      '/usr/local/lib/node_modules/npm/node_modules/mkdirp/index.js:46:53',
49 error      'Object.oncomplete (fs.js:107:15)' ] }
50 error Please try running this command again as root/Administrator.
51 error System Darwin 14.4.0
52 error command "node" "/usr/local/bin/npm" "install" "-g" "stream-adventure"
53 error cwd /Users/benjamincohen/Documents/programming/nodeschool/core/stream-adventure
54 error node -v v0.10.33
55 error npm -v 1.4.28
56 error path /usr/local/lib/node_modules/stream-adventure
57 error fstream_path /usr/local/lib/node_modules/stream-adventure
58 error fstream_type Directory
59 error fstream_class DirWriter
60 error code EACCES
61 error errno 3
62 error stack Error: EACCES, mkdir '/usr/local/lib/node_modules/stream-adventure'
63 error fstream_stack /usr/local/lib/node_modules/npm/node_modules/fstream/lib/dir-writer.js:36:23
63 error fstream_stack /usr/local/lib/node_modules/npm/node_modules/mkdirp/index.js:46:53
63 error fstream_stack Object.oncomplete (fs.js:107:15)
64 verbose exit [ 3, true ]
